[ns_server:info,2019-03-19T15:50:24.148Z,babysitter_of_ns_1@127.0.0.1:<0.56.0>:ns_babysitter:init_logging:122]Brought up babysitter logging
[ns_server:info,2019-03-19T15:50:24.154Z,babysitter_of_ns_1@127.0.0.1:<0.56.0>:ns_babysitter:log_pending:87]Static config terms:
[{error_logger_mf_dir,"/opt/couchbase/var/lib/couchbase/logs"},
 {path_config_bindir,"/opt/couchbase/bin"},
 {path_config_etcdir,"/opt/couchbase/etc/couchbase"},
 {path_config_libdir,"/opt/couchbase/lib"},
 {path_config_datadir,"/opt/couchbase/var/lib/couchbase"},
 {path_config_tmpdir,"/opt/couchbase/var/lib/couchbase/tmp"},
 {path_config_secdir,"/opt/couchbase/etc/security"},
 {nodefile,"/opt/couchbase/var/lib/couchbase/couchbase-server.node"},
 {loglevel_default,debug},
 {loglevel_couchdb,info},
 {loglevel_ns_server,debug},
 {loglevel_error_logger,debug},
 {loglevel_user,debug},
 {loglevel_menelaus,debug},
 {loglevel_ns_doctor,debug},
 {loglevel_stats,debug},
 {loglevel_rebalance,debug},
 {loglevel_cluster,debug},
 {loglevel_views,debug},
 {loglevel_mapreduce_errors,debug},
 {loglevel_xdcr,debug},
 {loglevel_access,info},
 {disk_sink_opts,[{rotation,[{compress,true},
                             {size,41943040},
                             {num_files,10},
                             {buffer_size_max,52428800}]}]},
 {disk_sink_opts_json_rpc,[{rotation,[{compress,true},
                                      {size,41943040},
                                      {num_files,2},
                                      {buffer_size_max,52428800}]}]},
 {net_kernel_verbosity,10}]
[ns_server:debug,2019-03-19T15:50:24.219Z,babysitter_of_ns_1@127.0.0.1:<0.56.0>:dist_manager:configure_net_kernel:339]Set net_kernel vebosity to 10 -> 0
[ns_server:info,2019-03-19T15:50:24.239Z,babysitter_of_ns_1@127.0.0.1:<0.56.0>:ns_babysitter:start:55]babysitter cookie: ccf9cf2b5095ee4eedf4a337f02674064d7aa70fbaaf13b824c79d0dafc638ca

[ns_server:info,2019-03-19T15:50:24.263Z,babysitter_of_ns_1@127.0.0.1:<0.56.0>:ns_babysitter:maybe_write_file:77]Saved babysitter cookie to /opt/couchbase/var/lib/couchbase/couchbase-server.babysitter.cookie
[ns_server:info,2019-03-19T15:50:24.278Z,babysitter_of_ns_1@127.0.0.1:<0.56.0>:ns_babysitter:maybe_write_file:77]Saved babysitter node name to /opt/couchbase/var/lib/couchbase/couchbase-server.babysitter.node
[ns_server:info,2019-03-19T15:50:24.298Z,babysitter_of_ns_1@127.0.0.1:ns_crash_log<0.67.0>:ns_crash_log:init:57]crash_log path: /opt/couchbase/var/lib/couchbase/logs/crash_log_v2.bin
[ns_server:warn,2019-03-19T15:50:24.299Z,babysitter_of_ns_1@127.0.0.1:ns_crash_log<0.67.0>:ns_crash_log:read_crash_log:148]Couldn't load crash_log from /opt/couchbase/var/lib/couchbase/logs/crash_log_v2.bin (perhaps it's first startup): {error,
                                                                                                                   enoent}
[error_logger:info,2019-03-19T15:50:24.299Z,babysitter_of_ns_1@127.0.0.1:error_logger<0.6.0>:ale_error_logger_handler:do_log:203]
=========================PROGRESS REPORT=========================
          supervisor: {local,ns_babysitter_sup}
             started: [{pid,<0.67.0>},
                       {name,ns_crash_log},
                       {mfargs,{ns_crash_log,start_link,[]}},
                       {restart_type,permanent},
                       {shutdown,1000},
                       {child_type,worker}]

[ns_server:debug,2019-03-19T15:50:24.304Z,babysitter_of_ns_1@127.0.0.1:encryption_service<0.68.0>:encryption_service:init:141]Encrypted data key is not found in "/opt/couchbase/var/lib/couchbase/config/encrypted_data_keys"
[ns_server:debug,2019-03-19T15:50:24.304Z,babysitter_of_ns_1@127.0.0.1:<0.69.0>:encryption_service:start_gosecrets:232]Starting "/opt/couchbase/bin/gosecrets"
[ns_server:debug,2019-03-19T15:50:24.304Z,babysitter_of_ns_1@127.0.0.1:encryption_service<0.68.0>:encryption_service:start_gosecrets:237]Gosecrets loop started with pid = <0.69.0>
[ns_server:debug,2019-03-19T15:50:24.304Z,babysitter_of_ns_1@127.0.0.1:encryption_service<0.68.0>:encryption_service:set_password:121]Sending password to gosecrets
[ns_server:debug,2019-03-19T15:50:24.632Z,babysitter_of_ns_1@127.0.0.1:encryption_service<0.68.0>:encryption_service:init:157]Create new data key.
[error_logger:info,2019-03-19T15:50:24.652Z,babysitter_of_ns_1@127.0.0.1:error_logger<0.6.0>:ale_error_logger_handler:do_log:203]
=========================PROGRESS REPORT=========================
          supervisor: {local,ns_babysitter_sup}
             started: [{pid,<0.68.0>},
                       {name,encryption_service},
                       {mfargs,{encryption_service,start_link,[]}},
                       {restart_type,permanent},
                       {shutdown,1000},
                       {child_type,worker}]

[ns_server:debug,2019-03-19T15:50:24.740Z,babysitter_of_ns_1@127.0.0.1:<0.72.0>:supervisor_cushion:init:39]starting ns_port_server with delay of 5000
[ns_server:debug,2019-03-19T15:50:24.757Z,babysitter_of_ns_1@127.0.0.1:<0.71.0>:restartable:start_child:98]Started child process <0.72.0>
  MFA: {supervisor_cushion,start_link,
                           [ns_server,5000,infinity,ns_port_server,start_link,
                            [#Fun<ns_child_ports_sup.4.5182122>]]}
[error_logger:info,2019-03-19T15:50:24.757Z,babysitter_of_ns_1@127.0.0.1:error_logger<0.6.0>:ale_error_logger_handler:do_log:203]
=========================PROGRESS REPORT=========================
          supervisor: {local,child_ns_server_sup}
             started: [{pid,<0.71.0>},
                       {name,
                           {ns_server,"/opt/couchbase/lib/erlang/bin/erl",
                               ["+A","16","-smp","enable","+sbt","u","+P",
                                "327680","+K","true","+swt","low","+MMmcs",
                                "30","+e102400","-setcookie","nocookie",
                                "-kernel","inet_dist_listen_min","21100",
                                "inet_dist_listen_max","21299","error_logger",
                                "false","-sasl","sasl_error_logger","false",
                                "-user","user_io","-run","child_erlang",
                                "child_start","ns_bootstrap","--","-smp",
                                "enable","-proto_dist","inet_tcp",
                                "-couch_ini",
                                "/opt/couchbase/etc/couchdb/default.ini",
                                "/opt/couchbase/etc/couchdb/default.d/capi.ini",
                                "/opt/couchbase/etc/couchdb/default.d/geocouch.ini",
                                "/opt/couchbase/etc/couchdb/local.ini"],
                               [{env,
                                    [{"NS_SERVER_BABYSITTER_COOKIE",
                                      "ccf9cf2b5095ee4eedf4a337f02674064d7aa70fbaaf13b824c79d0dafc638ca"},
                                     {"NS_SERVER_BABYSITTER_PID","41"},
                                     {"CHILD_ERLANG_ENV_ARGS",
                                      "[{sasl,\n     [{errlog_type,all},{included_applications,[]},{sasl_error_logger,false}]},\n {kernel,\n     [{inet_dist_listen_min,21100},\n      {inet_dist_listen_max,21299},\n      {included_applications,[]},\n      {error_logger,false},\n      {global_enable_tracing,false}]},\n {ns_babysitter,\n     [{nodefile,\n          \"/opt/couchbase/var/lib/couchbase/couchbase-server.babysitter.node\"},\n      {included_applications,[]},\n      {pidfile,\"/opt/couchbase/var/lib/couchbase/couchbase-server.pid\"},\n      {cookiefile,\n          \"/opt/couchbase/var/lib/couchbase/couchbase-server.babysitter.cookie\"}]},\n {ns_server,\n     [{max_t,10},\n      {included_applications,[]},\n      {loglevel_cluster,debug},\n      {path_config_libdir,\"/opt/couchbase/lib\"},\n      {path_config_tmpdir,\"/opt/couchbase/var/lib/couchbase/tmp\"},\n      {loglevel_ns_server,debug},\n      {loglevel_access,info},\n      {loglevel_error_logger,debug},\n      {loglevel_xdcr,debug},\n      {path_config_secdir,\"/opt/couchbase/etc/security\"},\n      {loglevel_mapreduce_errors,debug},\n      {loglevel_ns_doctor,debug},\n      {loglevel_default,debug},\n      {loglevel_stats,debug},\n      {ipv6,false},\n      {config_path,\"/opt/couchbase/etc/couchbase/static_config\"},\n      {loglevel_user,debug},\n      {error_logger_mf_dir,\"/opt/couchbase/var/lib/couchbase/logs\"},\n      {disk_sink_opts_json_rpc,\n          [{rotation,\n               [{compress,true},\n                {size,41943040},\n                {num_files,2},\n                {buffer_size_max,52428800}]}]},\n      {path_config_etcdir,\"/opt/couchbase/etc/couchbase\"},\n      {nodefile,\"/opt/couchbase/var/lib/couchbase/couchbase-server.node\"},\n      {path_config_bindir,\"/opt/couchbase/bin\"},\n      {net_kernel_verbosity,10},\n      {max_r,20},\n      {loglevel_rebalance,debug},\n      {loglevel_menelaus,debug},\n      {disk_sink_opts,\n          [{rotation,\n               [{compress,true},\n                {size,41943040},\n                {num_files,10},\n                {buffer_size_max,52428800}]}]},\n      {loglevel_views,debug},\n      {path_config_datadir,\"/opt/couchbase/var/lib/couchbase\"},\n      {loglevel_couchdb,info}]}]"},
                                     {"ERL_CRASH_DUMP",
                                      "erl_crash.dump.1553010619.41.ns_server"}]},
                                exit_status,use_stdio,stream,eof]}},
                       {mfargs,
                           {restartable,start_link,
                               [{supervisor_cushion,start_link,
                                    [ns_server,5000,infinity,ns_port_server,
                                     start_link,
                                     [#Fun<ns_child_ports_sup.4.5182122>]]},
                                86400000]}},
                       {restart_type,permanent},
                       {shutdown,infinity},
                       {child_type,worker}]

[error_logger:info,2019-03-19T15:50:24.758Z,babysitter_of_ns_1@127.0.0.1:error_logger<0.6.0>:ale_error_logger_handler:do_log:203]
=========================PROGRESS REPORT=========================
          supervisor: {local,ns_babysitter_sup}
             started: [{pid,<0.70.0>},
                       {name,child_ns_server_sup},
                       {mfargs,{child_ns_server_sup,start_link,[]}},
                       {restart_type,permanent},
                       {shutdown,infinity},
                       {child_type,supervisor}]

[error_logger:info,2019-03-19T15:50:24.758Z,babysitter_of_ns_1@127.0.0.1:error_logger<0.6.0>:ale_error_logger_handler:do_log:203]
=========================PROGRESS REPORT=========================
          supervisor: {local,ns_babysitter_sup}
             started: [{pid,<0.74.0>},
                       {name,ns_child_ports_sup},
                       {mfargs,{ns_child_ports_sup,start_link,[]}},
                       {restart_type,permanent},
                       {shutdown,infinity},
                       {child_type,supervisor}]

[error_logger:info,2019-03-19T15:50:24.760Z,babysitter_of_ns_1@127.0.0.1:error_logger<0.6.0>:ale_error_logger_handler:do_log:203]
=========================PROGRESS REPORT=========================
          supervisor: {local,ns_babysitter_sup}
             started: [{pid,<0.75.0>},
                       {name,ns_ports_manager},
                       {mfargs,{ns_ports_manager,start_link,[]}},
                       {restart_type,permanent},
                       {shutdown,1000},
                       {child_type,worker}]

[ns_server:info,2019-03-19T15:50:24.760Z,babysitter_of_ns_1@127.0.0.1:<0.2.0>:ns_babysitter_bootstrap:start:26]41: babysitter has started
[error_logger:info,2019-03-19T15:50:24.760Z,babysitter_of_ns_1@127.0.0.1:error_logger<0.6.0>:ale_error_logger_handler:do_log:203]
=========================PROGRESS REPORT=========================
         application: ns_babysitter
          started_at: 'babysitter_of_ns_1@127.0.0.1'

[error_logger:info,2019-03-19T15:50:33.347Z,babysitter_of_ns_1@127.0.0.1:error_logger<0.6.0>:ale_error_logger_handler:do_log:203]
=========================PROGRESS REPORT=========================
          supervisor: {local,kernel_safe_sup}
             started: [{pid,<0.78.0>},
                       {name,timer2_server},
                       {mfargs,{timer2,start_link,[]}},
                       {restart_type,permanent},
                       {shutdown,1000},
                       {child_type,worker}]

[ns_server:debug,2019-03-19T15:50:33.459Z,babysitter_of_ns_1@127.0.0.1:ns_ports_manager<0.75.0>:ns_ports_manager:handle_call:88]New list of children is received: [memcached,saslauthd_port,goxdcr]
[ns_server:info,2019-03-19T15:50:33.460Z,babysitter_of_ns_1@127.0.0.1:ns_ports_manager<0.75.0>:ns_child_ports_sup:launch_port:96]supervising port: {memcached,"/opt/couchbase/bin/memcached",
                             ["-C",
                              "/opt/couchbase/var/lib/couchbase/config/memcached.json"],
                             [{env,[{"EVENT_NOSELECT","1"},
                                    {"MEMCACHED_TOP_KEYS","5"},
                                    {"CBSASL_PWFILE",
                                     "/opt/couchbase/var/lib/couchbase/isasl.pw"}]},
                              use_stdio,stderr_to_stdout,exit_status,
                              port_server_dont_start,stream]}
[ns_server:debug,2019-03-19T15:50:33.461Z,babysitter_of_ns_1@127.0.0.1:<0.80.0>:supervisor_cushion:init:39]starting ns_port_server with delay of 5000
[ns_server:debug,2019-03-19T15:50:33.461Z,babysitter_of_ns_1@127.0.0.1:<0.79.0>:restartable:start_child:98]Started child process <0.80.0>
  MFA: {supervisor_cushion,start_link,
                           [memcached,5000,infinity,ns_port_server,start_link,
                            [#Fun<ns_child_ports_sup.4.5182122>]]}
[error_logger:info,2019-03-19T15:50:33.461Z,babysitter_of_ns_1@127.0.0.1:error_logger<0.6.0>:ale_error_logger_handler:do_log:203]
=========================PROGRESS REPORT=========================
          supervisor: {local,ns_child_ports_sup}
             started: [{pid,<0.79.0>},
                       {name,
                           {memcached,"/opt/couchbase/bin/memcached",
                               ["-C",
                                "/opt/couchbase/var/lib/couchbase/config/memcached.json"],
                               [{env,
                                    [{"EVENT_NOSELECT","1"},
                                     {"MEMCACHED_TOP_KEYS","5"},
                                     {"CBSASL_PWFILE",
                                      "/opt/couchbase/var/lib/couchbase/isasl.pw"}]},
                                use_stdio,stderr_to_stdout,exit_status,
                                port_server_dont_start,stream]}},
                       {mfargs,
                           {restartable,start_link,
                               [{supervisor_cushion,start_link,
                                    [memcached,5000,infinity,ns_port_server,
                                     start_link,
                                     [#Fun<ns_child_ports_sup.4.5182122>]]},
                                86400000]}},
                       {restart_type,permanent},
                       {shutdown,infinity},
                       {child_type,worker}]

[ns_server:info,2019-03-19T15:50:33.461Z,babysitter_of_ns_1@127.0.0.1:ns_ports_manager<0.75.0>:ns_child_ports_sup:launch_port:96]supervising port: {saslauthd_port,"/opt/couchbase/bin/saslauthd-port",[],
                      [use_stdio,exit_status,stderr_to_stdout,
                       {env,
                           [{"GOTRACEBACK","single"},
                            {"CBAUTH_REVRPC_URL",
                             <<172,242,117,196,33,137,112,166,57,77,15,21,
                               224,104,92,238,32,130,100,84,14,20,65,140,
                               112,74,179,136,215,203,79,239>>}]}]}
[ns_server:debug,2019-03-19T15:50:33.461Z,babysitter_of_ns_1@127.0.0.1:<0.83.0>:supervisor_cushion:init:39]starting ns_port_server with delay of 5000
[ns_server:debug,2019-03-19T15:50:33.462Z,babysitter_of_ns_1@127.0.0.1:<0.82.0>:restartable:start_child:98]Started child process <0.83.0>
  MFA: {supervisor_cushion,start_link,
                           [saslauthd_port,5000,infinity,ns_port_server,
                            start_link,
                            [#Fun<ns_child_ports_sup.4.5182122>]]}
[ns_server:info,2019-03-19T15:50:33.462Z,babysitter_of_ns_1@127.0.0.1:ns_ports_manager<0.75.0>:ns_child_ports_sup:launch_port:96]supervising port: {goxdcr,"/opt/couchbase/bin/goxdcr",
                          ["-sourceKVAdminPort=8091","-xdcrRestPort=9998",
                           "-isEnterprise=true","-ipv6=false"],
                          [via_goport,exit_status,stderr_to_stdout,
                           {log,"goxdcr.log"},
                           {env,[{"GOTRACEBACK","single"},
                                 {"CBAUTH_REVRPC_URL",
                                  <<204,75,53,90,168,194,120,225,153,49,
                                    208,157,188,41,142,165,13,145,3,112,
                                    171,144,146,51,245,94,75,217,96,74,34,
                                    159>>}]}]}
[error_logger:info,2019-03-19T15:50:33.462Z,babysitter_of_ns_1@127.0.0.1:error_logger<0.6.0>:ale_error_logger_handler:do_log:203]
=========================PROGRESS REPORT=========================
          supervisor: {local,ns_child_ports_sup}
             started: [{pid,<0.82.0>},
                       {name,
                           {saslauthd_port,
                               "/opt/couchbase/bin/saslauthd-port",[],
                               [use_stdio,exit_status,stderr_to_stdout,
                                {env,
                                    [{"GOTRACEBACK","single"},
                                     {"CBAUTH_REVRPC_URL",
                                      <<172,242,117,196,33,137,112,166,
                                        57,77,15,21,224,104,92,238,32,
                                        130,100,84,14,20,65,140,112,74,
                                        179,136,215,203,79,239>>}]}]}},
                       {mfargs,
                           {restartable,start_link,
                               [{supervisor_cushion,start_link,
                                    [saslauthd_port,5000,infinity,
                                     ns_port_server,start_link,
                                     [#Fun<ns_child_ports_sup.4.5182122>]]},
                                86400000]}},
                       {restart_type,permanent},
                       {shutdown,infinity},
                       {child_type,worker}]

[ns_server:debug,2019-03-19T15:50:33.462Z,babysitter_of_ns_1@127.0.0.1:<0.86.0>:supervisor_cushion:init:39]starting ns_port_server with delay of 5000
[error_logger:info,2019-03-19T15:50:33.473Z,babysitter_of_ns_1@127.0.0.1:error_logger<0.6.0>:ale_error_logger_handler:do_log:203]
=========================PROGRESS REPORT=========================
          supervisor: {local,ale_dynamic_sup}
             started: [{pid,<0.88.0>},
                       {name,'sink-goxdcr'},
                       {mfargs,
                        {ale_dynamic_sup,delay_death,
                         [{ale_disk_sink,start_link,
                           ['sink-goxdcr',
                            "/opt/couchbase/var/lib/couchbase/logs/goxdcr.log",
                            [{rotation,
                              [{compress,true},
                               {size,41943040},
                               {num_files,10},
                               {buffer_size_max,52428800}]}]]},
                          1000]}},
                       {restart_type,permanent},
                       {shutdown,5000},
                       {child_type,worker}]

[ns_server:info,2019-03-19T15:50:33.548Z,babysitter_of_ns_1@127.0.0.1:<0.73.0>:ns_port_server:log:223]ns_server<0.73.0>: working as port

[ns_server:debug,2019-03-19T15:50:33.634Z,babysitter_of_ns_1@127.0.0.1:<0.85.0>:restartable:start_child:98]Started child process <0.86.0>
  MFA: {supervisor_cushion,start_link,
                           [goxdcr,5000,infinity,ns_port_server,start_link,
                            [#Fun<ns_child_ports_sup.4.5182122>]]}
[error_logger:info,2019-03-19T15:50:33.634Z,babysitter_of_ns_1@127.0.0.1:error_logger<0.6.0>:ale_error_logger_handler:do_log:203]
=========================PROGRESS REPORT=========================
          supervisor: {local,ns_child_ports_sup}
             started: [{pid,<0.85.0>},
                       {name,
                           {goxdcr,"/opt/couchbase/bin/goxdcr",
                               ["-sourceKVAdminPort=8091",
                                "-xdcrRestPort=9998","-isEnterprise=true",
                                "-ipv6=false"],
                               [via_goport,exit_status,stderr_to_stdout,
                                {log,"goxdcr.log"},
                                {env,
                                    [{"GOTRACEBACK","single"},
                                     {"CBAUTH_REVRPC_URL",
                                      <<204,75,53,90,168,194,120,225,153,
                                        49,208,157,188,41,142,165,13,145,
                                        3,112,171,144,146,51,245,94,75,
                                        217,96,74,34,159>>}]}]}},
                       {mfargs,
                           {restartable,start_link,
                               [{supervisor_cushion,start_link,
                                    [goxdcr,5000,infinity,ns_port_server,
                                     start_link,
                                     [#Fun<ns_child_ports_sup.4.5182122>]]},
                                86400000]}},
                       {restart_type,permanent},
                       {shutdown,infinity},
                       {child_type,worker}]

[ns_server:info,2019-03-19T15:50:34.155Z,babysitter_of_ns_1@127.0.0.1:<0.73.0>:ns_port_server:log:223]ns_server<0.73.0>: 138: Booted. Waiting for shutdown request

[ns_server:info,2019-03-19T15:50:34.682Z,babysitter_of_ns_1@127.0.0.1:<0.81.0>:ns_port_server:log:223]memcached<0.81.0>: set_mempolicy: Operation not permitted
memcached<0.81.0>: 2019-03-19T15:50:34.493438+00:00 INFO Setting SSL minimum protocol to: tlsv1
memcached<0.81.0>: 2019-03-19T15:50:34.501138+00:00 INFO Breakpad enabled. Minidumps will be written to '/opt/couchbase/var/lib/couchbase/crash'
memcached<0.81.0>: 2019-03-19T15:50:34.503939+00:00 INFO Setting SSL minimum protocol to: tlsv1
memcached<0.81.0>: 2019-03-19T15:50:34.508485+00:00 INFO Disabling Breakpad
memcached<0.81.0>: 2019-03-19T15:50:34.508550+00:00 INFO Breakpad enabled. Minidumps will be written to '/opt/couchbase/var/lib/couchbase/crash'

[ns_server:info,2019-03-19T16:04:26.250Z,babysitter_of_ns_1@127.0.0.1:<0.56.0>:ns_babysitter:init_logging:122]Brought up babysitter logging
[ns_server:info,2019-03-19T16:04:26.255Z,babysitter_of_ns_1@127.0.0.1:<0.56.0>:ns_babysitter:log_pending:87]Static config terms:
[{error_logger_mf_dir,"/opt/couchbase/var/lib/couchbase/logs"},
 {path_config_bindir,"/opt/couchbase/bin"},
 {path_config_etcdir,"/opt/couchbase/etc/couchbase"},
 {path_config_libdir,"/opt/couchbase/lib"},
 {path_config_datadir,"/opt/couchbase/var/lib/couchbase"},
 {path_config_tmpdir,"/opt/couchbase/var/lib/couchbase/tmp"},
 {path_config_secdir,"/opt/couchbase/etc/security"},
 {nodefile,"/opt/couchbase/var/lib/couchbase/couchbase-server.node"},
 {loglevel_default,debug},
 {loglevel_couchdb,info},
 {loglevel_ns_server,debug},
 {loglevel_error_logger,debug},
 {loglevel_user,debug},
 {loglevel_menelaus,debug},
 {loglevel_ns_doctor,debug},
 {loglevel_stats,debug},
 {loglevel_rebalance,debug},
 {loglevel_cluster,debug},
 {loglevel_views,debug},
 {loglevel_mapreduce_errors,debug},
 {loglevel_xdcr,debug},
 {loglevel_access,info},
 {disk_sink_opts,[{rotation,[{compress,true},
                             {size,41943040},
                             {num_files,10},
                             {buffer_size_max,52428800}]}]},
 {disk_sink_opts_json_rpc,[{rotation,[{compress,true},
                                      {size,41943040},
                                      {num_files,2},
                                      {buffer_size_max,52428800}]}]},
 {net_kernel_verbosity,10}]
[ns_server:debug,2019-03-19T16:04:26.320Z,babysitter_of_ns_1@127.0.0.1:<0.56.0>:dist_manager:configure_net_kernel:339]Set net_kernel vebosity to 10 -> 0
[ns_server:info,2019-03-19T16:04:26.333Z,babysitter_of_ns_1@127.0.0.1:<0.56.0>:ns_babysitter:start:55]babysitter cookie: b6827f3424040caa2047001af879202e210bc84354710d728616bbdd67c6e290

[ns_server:info,2019-03-19T16:04:26.348Z,babysitter_of_ns_1@127.0.0.1:<0.56.0>:ns_babysitter:maybe_write_file:77]Saved babysitter cookie to /opt/couchbase/var/lib/couchbase/couchbase-server.babysitter.cookie
[ns_server:info,2019-03-19T16:04:26.364Z,babysitter_of_ns_1@127.0.0.1:<0.56.0>:ns_babysitter:maybe_write_file:77]Saved babysitter node name to /opt/couchbase/var/lib/couchbase/couchbase-server.babysitter.node
[ns_server:info,2019-03-19T16:04:26.379Z,babysitter_of_ns_1@127.0.0.1:ns_crash_log<0.67.0>:ns_crash_log:init:57]crash_log path: /opt/couchbase/var/lib/couchbase/logs/crash_log_v2.bin
[ns_server:warn,2019-03-19T16:04:26.380Z,babysitter_of_ns_1@127.0.0.1:ns_crash_log<0.67.0>:ns_crash_log:read_crash_log:148]Couldn't load crash_log from /opt/couchbase/var/lib/couchbase/logs/crash_log_v2.bin (perhaps it's first startup): {error,
                                                                                                                   enoent}
[error_logger:info,2019-03-19T16:04:26.381Z,babysitter_of_ns_1@127.0.0.1:error_logger<0.6.0>:ale_error_logger_handler:do_log:203]
=========================PROGRESS REPORT=========================
          supervisor: {local,ns_babysitter_sup}
             started: [{pid,<0.67.0>},
                       {name,ns_crash_log},
                       {mfargs,{ns_crash_log,start_link,[]}},
                       {restart_type,permanent},
                       {shutdown,1000},
                       {child_type,worker}]

[ns_server:debug,2019-03-19T16:04:26.386Z,babysitter_of_ns_1@127.0.0.1:encryption_service<0.68.0>:encryption_service:init:138]Encrypted data key retrieved from "/opt/couchbase/var/lib/couchbase/config/encrypted_data_keys"
[ns_server:debug,2019-03-19T16:04:26.387Z,babysitter_of_ns_1@127.0.0.1:<0.69.0>:encryption_service:start_gosecrets:232]Starting "/opt/couchbase/bin/gosecrets"
[ns_server:debug,2019-03-19T16:04:26.387Z,babysitter_of_ns_1@127.0.0.1:encryption_service<0.68.0>:encryption_service:start_gosecrets:237]Gosecrets loop started with pid = <0.69.0>
[ns_server:debug,2019-03-19T16:04:26.387Z,babysitter_of_ns_1@127.0.0.1:encryption_service<0.68.0>:encryption_service:set_password:121]Sending password to gosecrets
[error_logger:info,2019-03-19T16:04:26.713Z,babysitter_of_ns_1@127.0.0.1:error_logger<0.6.0>:ale_error_logger_handler:do_log:203]
=========================PROGRESS REPORT=========================
          supervisor: {local,ns_babysitter_sup}
             started: [{pid,<0.68.0>},
                       {name,encryption_service},
                       {mfargs,{encryption_service,start_link,[]}},
                       {restart_type,permanent},
                       {shutdown,1000},
                       {child_type,worker}]

[ns_server:debug,2019-03-19T16:04:26.787Z,babysitter_of_ns_1@127.0.0.1:<0.72.0>:supervisor_cushion:init:39]starting ns_port_server with delay of 5000
[ns_server:debug,2019-03-19T16:04:26.807Z,babysitter_of_ns_1@127.0.0.1:<0.71.0>:restartable:start_child:98]Started child process <0.72.0>
  MFA: {supervisor_cushion,start_link,
                           [ns_server,5000,infinity,ns_port_server,start_link,
                            [#Fun<ns_child_ports_sup.4.5182122>]]}
[error_logger:info,2019-03-19T16:04:26.807Z,babysitter_of_ns_1@127.0.0.1:error_logger<0.6.0>:ale_error_logger_handler:do_log:203]
=========================PROGRESS REPORT=========================
          supervisor: {local,child_ns_server_sup}
             started: [{pid,<0.71.0>},
                       {name,
                           {ns_server,"/opt/couchbase/lib/erlang/bin/erl",
                               ["+A","16","-smp","enable","+sbt","u","+P",
                                "327680","+K","true","+swt","low","+MMmcs",
                                "30","+e102400","-setcookie","nocookie",
                                "-kernel","inet_dist_listen_min","21100",
                                "inet_dist_listen_max","21299","error_logger",
                                "false","-sasl","sasl_error_logger","false",
                                "-user","user_io","-run","child_erlang",
                                "child_start","ns_bootstrap","--","-smp",
                                "enable","-proto_dist","inet_tcp",
                                "-couch_ini",
                                "/opt/couchbase/etc/couchdb/default.ini",
                                "/opt/couchbase/etc/couchdb/default.d/capi.ini",
                                "/opt/couchbase/etc/couchdb/default.d/geocouch.ini",
                                "/opt/couchbase/etc/couchdb/local.ini"],
                               [{env,
                                    [{"NS_SERVER_BABYSITTER_COOKIE",
                                      "b6827f3424040caa2047001af879202e210bc84354710d728616bbdd67c6e290"},
                                     {"NS_SERVER_BABYSITTER_PID","41"},
                                     {"CHILD_ERLANG_ENV_ARGS",
                                      "[{sasl,\n     [{errlog_type,all},{included_applications,[]},{sasl_error_logger,false}]},\n {kernel,\n     [{inet_dist_listen_min,21100},\n      {inet_dist_listen_max,21299},\n      {included_applications,[]},\n      {error_logger,false},\n      {global_enable_tracing,false}]},\n {ns_babysitter,\n     [{nodefile,\n          \"/opt/couchbase/var/lib/couchbase/couchbase-server.babysitter.node\"},\n      {included_applications,[]},\n      {pidfile,\"/opt/couchbase/var/lib/couchbase/couchbase-server.pid\"},\n      {cookiefile,\n          \"/opt/couchbase/var/lib/couchbase/couchbase-server.babysitter.cookie\"}]},\n {ns_server,\n     [{max_t,10},\n      {included_applications,[]},\n      {loglevel_cluster,debug},\n      {path_config_libdir,\"/opt/couchbase/lib\"},\n      {path_config_tmpdir,\"/opt/couchbase/var/lib/couchbase/tmp\"},\n      {loglevel_ns_server,debug},\n      {loglevel_access,info},\n      {loglevel_error_logger,debug},\n      {loglevel_xdcr,debug},\n      {path_config_secdir,\"/opt/couchbase/etc/security\"},\n      {loglevel_mapreduce_errors,debug},\n      {loglevel_ns_doctor,debug},\n      {loglevel_default,debug},\n      {loglevel_stats,debug},\n      {ipv6,false},\n      {config_path,\"/opt/couchbase/etc/couchbase/static_config\"},\n      {loglevel_user,debug},\n      {error_logger_mf_dir,\"/opt/couchbase/var/lib/couchbase/logs\"},\n      {disk_sink_opts_json_rpc,\n          [{rotation,\n               [{compress,true},\n                {size,41943040},\n                {num_files,2},\n                {buffer_size_max,52428800}]}]},\n      {path_config_etcdir,\"/opt/couchbase/etc/couchbase\"},\n      {nodefile,\"/opt/couchbase/var/lib/couchbase/couchbase-server.node\"},\n      {path_config_bindir,\"/opt/couchbase/bin\"},\n      {net_kernel_verbosity,10},\n      {max_r,20},\n      {loglevel_rebalance,debug},\n      {loglevel_menelaus,debug},\n      {disk_sink_opts,\n          [{rotation,\n               [{compress,true},\n                {size,41943040},\n                {num_files,10},\n                {buffer_size_max,52428800}]}]},\n      {loglevel_views,debug},\n      {path_config_datadir,\"/opt/couchbase/var/lib/couchbase\"},\n      {loglevel_couchdb,info}]}]"},
                                     {"ERL_CRASH_DUMP",
                                      "erl_crash.dump.1553011461.41.ns_server"}]},
                                exit_status,use_stdio,stream,eof]}},
                       {mfargs,
                           {restartable,start_link,
                               [{supervisor_cushion,start_link,
                                    [ns_server,5000,infinity,ns_port_server,
                                     start_link,
                                     [#Fun<ns_child_ports_sup.4.5182122>]]},
                                86400000]}},
                       {restart_type,permanent},
                       {shutdown,infinity},
                       {child_type,worker}]

[error_logger:info,2019-03-19T16:04:26.808Z,babysitter_of_ns_1@127.0.0.1:error_logger<0.6.0>:ale_error_logger_handler:do_log:203]
=========================PROGRESS REPORT=========================
          supervisor: {local,ns_babysitter_sup}
             started: [{pid,<0.70.0>},
                       {name,child_ns_server_sup},
                       {mfargs,{child_ns_server_sup,start_link,[]}},
                       {restart_type,permanent},
                       {shutdown,infinity},
                       {child_type,supervisor}]

[error_logger:info,2019-03-19T16:04:26.808Z,babysitter_of_ns_1@127.0.0.1:error_logger<0.6.0>:ale_error_logger_handler:do_log:203]
=========================PROGRESS REPORT=========================
          supervisor: {local,ns_babysitter_sup}
             started: [{pid,<0.74.0>},
                       {name,ns_child_ports_sup},
                       {mfargs,{ns_child_ports_sup,start_link,[]}},
                       {restart_type,permanent},
                       {shutdown,infinity},
                       {child_type,supervisor}]

[error_logger:info,2019-03-19T16:04:26.810Z,babysitter_of_ns_1@127.0.0.1:error_logger<0.6.0>:ale_error_logger_handler:do_log:203]
=========================PROGRESS REPORT=========================
          supervisor: {local,ns_babysitter_sup}
             started: [{pid,<0.75.0>},
                       {name,ns_ports_manager},
                       {mfargs,{ns_ports_manager,start_link,[]}},
                       {restart_type,permanent},
                       {shutdown,1000},
                       {child_type,worker}]

[ns_server:info,2019-03-19T16:04:26.810Z,babysitter_of_ns_1@127.0.0.1:<0.2.0>:ns_babysitter_bootstrap:start:26]41: babysitter has started
[error_logger:info,2019-03-19T16:04:26.810Z,babysitter_of_ns_1@127.0.0.1:error_logger<0.6.0>:ale_error_logger_handler:do_log:203]
=========================PROGRESS REPORT=========================
         application: ns_babysitter
          started_at: 'babysitter_of_ns_1@127.0.0.1'

[ns_server:info,2019-03-19T16:11:17.718Z,babysitter_of_ns_1@127.0.0.1:<0.56.0>:ns_babysitter:init_logging:122]Brought up babysitter logging
[ns_server:info,2019-03-19T16:11:17.723Z,babysitter_of_ns_1@127.0.0.1:<0.56.0>:ns_babysitter:log_pending:87]Static config terms:
[{error_logger_mf_dir,"/opt/couchbase/var/lib/couchbase/logs"},
 {path_config_bindir,"/opt/couchbase/bin"},
 {path_config_etcdir,"/opt/couchbase/etc/couchbase"},
 {path_config_libdir,"/opt/couchbase/lib"},
 {path_config_datadir,"/opt/couchbase/var/lib/couchbase"},
 {path_config_tmpdir,"/opt/couchbase/var/lib/couchbase/tmp"},
 {path_config_secdir,"/opt/couchbase/etc/security"},
 {nodefile,"/opt/couchbase/var/lib/couchbase/couchbase-server.node"},
 {loglevel_default,debug},
 {loglevel_couchdb,info},
 {loglevel_ns_server,debug},
 {loglevel_error_logger,debug},
 {loglevel_user,debug},
 {loglevel_menelaus,debug},
 {loglevel_ns_doctor,debug},
 {loglevel_stats,debug},
 {loglevel_rebalance,debug},
 {loglevel_cluster,debug},
 {loglevel_views,debug},
 {loglevel_mapreduce_errors,debug},
 {loglevel_xdcr,debug},
 {loglevel_access,info},
 {disk_sink_opts,[{rotation,[{compress,true},
                             {size,41943040},
                             {num_files,10},
                             {buffer_size_max,52428800}]}]},
 {disk_sink_opts_json_rpc,[{rotation,[{compress,true},
                                      {size,41943040},
                                      {num_files,2},
                                      {buffer_size_max,52428800}]}]},
 {net_kernel_verbosity,10}]
[ns_server:debug,2019-03-19T16:11:17.825Z,babysitter_of_ns_1@127.0.0.1:<0.56.0>:dist_manager:configure_net_kernel:339]Set net_kernel vebosity to 10 -> 0
[ns_server:info,2019-03-19T16:11:17.841Z,babysitter_of_ns_1@127.0.0.1:<0.56.0>:ns_babysitter:start:55]babysitter cookie: '1e2e56d7064f2fae6daa315fd74675c6af900a720e804d55d00d87a64d4c4ded'

[ns_server:info,2019-03-19T16:11:17.857Z,babysitter_of_ns_1@127.0.0.1:<0.56.0>:ns_babysitter:maybe_write_file:77]Saved babysitter cookie to /opt/couchbase/var/lib/couchbase/couchbase-server.babysitter.cookie
[ns_server:info,2019-03-19T16:11:17.875Z,babysitter_of_ns_1@127.0.0.1:<0.56.0>:ns_babysitter:maybe_write_file:77]Saved babysitter node name to /opt/couchbase/var/lib/couchbase/couchbase-server.babysitter.node
[ns_server:info,2019-03-19T16:11:17.896Z,babysitter_of_ns_1@127.0.0.1:ns_crash_log<0.67.0>:ns_crash_log:init:57]crash_log path: /opt/couchbase/var/lib/couchbase/logs/crash_log_v2.bin
[ns_server:warn,2019-03-19T16:11:17.897Z,babysitter_of_ns_1@127.0.0.1:ns_crash_log<0.67.0>:ns_crash_log:read_crash_log:148]Couldn't load crash_log from /opt/couchbase/var/lib/couchbase/logs/crash_log_v2.bin (perhaps it's first startup): {error,
                                                                                                                   enoent}
[error_logger:info,2019-03-19T16:11:17.897Z,babysitter_of_ns_1@127.0.0.1:error_logger<0.6.0>:ale_error_logger_handler:do_log:203]
=========================PROGRESS REPORT=========================
          supervisor: {local,ns_babysitter_sup}
             started: [{pid,<0.67.0>},
                       {name,ns_crash_log},
                       {mfargs,{ns_crash_log,start_link,[]}},
                       {restart_type,permanent},
                       {shutdown,1000},
                       {child_type,worker}]

[ns_server:debug,2019-03-19T16:11:17.904Z,babysitter_of_ns_1@127.0.0.1:encryption_service<0.68.0>:encryption_service:init:138]Encrypted data key retrieved from "/opt/couchbase/var/lib/couchbase/config/encrypted_data_keys"
[ns_server:debug,2019-03-19T16:11:17.904Z,babysitter_of_ns_1@127.0.0.1:<0.69.0>:encryption_service:start_gosecrets:232]Starting "/opt/couchbase/bin/gosecrets"
[ns_server:debug,2019-03-19T16:11:17.904Z,babysitter_of_ns_1@127.0.0.1:encryption_service<0.68.0>:encryption_service:start_gosecrets:237]Gosecrets loop started with pid = <0.69.0>
[ns_server:debug,2019-03-19T16:11:17.904Z,babysitter_of_ns_1@127.0.0.1:encryption_service<0.68.0>:encryption_service:set_password:121]Sending password to gosecrets
[error_logger:info,2019-03-19T16:11:18.266Z,babysitter_of_ns_1@127.0.0.1:error_logger<0.6.0>:ale_error_logger_handler:do_log:203]
=========================PROGRESS REPORT=========================
          supervisor: {local,ns_babysitter_sup}
             started: [{pid,<0.68.0>},
                       {name,encryption_service},
                       {mfargs,{encryption_service,start_link,[]}},
                       {restart_type,permanent},
                       {shutdown,1000},
                       {child_type,worker}]

[ns_server:debug,2019-03-19T16:11:18.378Z,babysitter_of_ns_1@127.0.0.1:<0.72.0>:supervisor_cushion:init:39]starting ns_port_server with delay of 5000
[ns_server:debug,2019-03-19T16:11:18.387Z,babysitter_of_ns_1@127.0.0.1:<0.71.0>:restartable:start_child:98]Started child process <0.72.0>
  MFA: {supervisor_cushion,start_link,
                           [ns_server,5000,infinity,ns_port_server,start_link,
                            [#Fun<ns_child_ports_sup.4.5182122>]]}
[error_logger:info,2019-03-19T16:11:18.387Z,babysitter_of_ns_1@127.0.0.1:error_logger<0.6.0>:ale_error_logger_handler:do_log:203]
=========================PROGRESS REPORT=========================
          supervisor: {local,child_ns_server_sup}
             started: [{pid,<0.71.0>},
                       {name,
                           {ns_server,"/opt/couchbase/lib/erlang/bin/erl",
                               ["+A","16","-smp","enable","+sbt","u","+P",
                                "327680","+K","true","+swt","low","+MMmcs",
                                "30","+e102400","-setcookie","nocookie",
                                "-kernel","inet_dist_listen_min","21100",
                                "inet_dist_listen_max","21299","error_logger",
                                "false","-sasl","sasl_error_logger","false",
                                "-user","user_io","-run","child_erlang",
                                "child_start","ns_bootstrap","--","-smp",
                                "enable","-proto_dist","inet_tcp",
                                "-couch_ini",
                                "/opt/couchbase/etc/couchdb/default.ini",
                                "/opt/couchbase/etc/couchdb/default.d/capi.ini",
                                "/opt/couchbase/etc/couchdb/default.d/geocouch.ini",
                                "/opt/couchbase/etc/couchdb/local.ini"],
                               [{env,
                                    [{"NS_SERVER_BABYSITTER_COOKIE",
                                      "1e2e56d7064f2fae6daa315fd74675c6af900a720e804d55d00d87a64d4c4ded"},
                                     {"NS_SERVER_BABYSITTER_PID","41"},
                                     {"CHILD_ERLANG_ENV_ARGS",
                                      "[{sasl,\n     [{errlog_type,all},{included_applications,[]},{sasl_error_logger,false}]},\n {kernel,\n     [{inet_dist_listen_min,21100},\n      {inet_dist_listen_max,21299},\n      {included_applications,[]},\n      {error_logger,false},\n      {global_enable_tracing,false}]},\n {ns_babysitter,\n     [{nodefile,\n          \"/opt/couchbase/var/lib/couchbase/couchbase-server.babysitter.node\"},\n      {included_applications,[]},\n      {pidfile,\"/opt/couchbase/var/lib/couchbase/couchbase-server.pid\"},\n      {cookiefile,\n          \"/opt/couchbase/var/lib/couchbase/couchbase-server.babysitter.cookie\"}]},\n {ns_server,\n     [{max_t,10},\n      {included_applications,[]},\n      {loglevel_cluster,debug},\n      {path_config_libdir,\"/opt/couchbase/lib\"},\n      {path_config_tmpdir,\"/opt/couchbase/var/lib/couchbase/tmp\"},\n      {loglevel_ns_server,debug},\n      {loglevel_access,info},\n      {loglevel_error_logger,debug},\n      {loglevel_xdcr,debug},\n      {path_config_secdir,\"/opt/couchbase/etc/security\"},\n      {loglevel_mapreduce_errors,debug},\n      {loglevel_ns_doctor,debug},\n      {loglevel_default,debug},\n      {loglevel_stats,debug},\n      {ipv6,false},\n      {config_path,\"/opt/couchbase/etc/couchbase/static_config\"},\n      {loglevel_user,debug},\n      {error_logger_mf_dir,\"/opt/couchbase/var/lib/couchbase/logs\"},\n      {disk_sink_opts_json_rpc,\n          [{rotation,\n               [{compress,true},\n                {size,41943040},\n                {num_files,2},\n                {buffer_size_max,52428800}]}]},\n      {path_config_etcdir,\"/opt/couchbase/etc/couchbase\"},\n      {nodefile,\"/opt/couchbase/var/lib/couchbase/couchbase-server.node\"},\n      {path_config_bindir,\"/opt/couchbase/bin\"},\n      {net_kernel_verbosity,10},\n      {max_r,20},\n      {loglevel_rebalance,debug},\n      {loglevel_menelaus,debug},\n      {disk_sink_opts,\n          [{rotation,\n               [{compress,true},\n                {size,41943040},\n                {num_files,10},\n                {buffer_size_max,52428800}]}]},\n      {loglevel_views,debug},\n      {path_config_datadir,\"/opt/couchbase/var/lib/couchbase\"},\n      {loglevel_couchdb,info}]}]"},
                                     {"ERL_CRASH_DUMP",
                                      "erl_crash.dump.1553011873.41.ns_server"}]},
                                exit_status,use_stdio,stream,eof]}},
                       {mfargs,
                           {restartable,start_link,
                               [{supervisor_cushion,start_link,
                                    [ns_server,5000,infinity,ns_port_server,
                                     start_link,
                                     [#Fun<ns_child_ports_sup.4.5182122>]]},
                                86400000]}},
                       {restart_type,permanent},
                       {shutdown,infinity},
                       {child_type,worker}]

[error_logger:info,2019-03-19T16:11:18.387Z,babysitter_of_ns_1@127.0.0.1:error_logger<0.6.0>:ale_error_logger_handler:do_log:203]
=========================PROGRESS REPORT=========================
          supervisor: {local,ns_babysitter_sup}
             started: [{pid,<0.70.0>},
                       {name,child_ns_server_sup},
                       {mfargs,{child_ns_server_sup,start_link,[]}},
                       {restart_type,permanent},
                       {shutdown,infinity},
                       {child_type,supervisor}]

[error_logger:info,2019-03-19T16:11:18.387Z,babysitter_of_ns_1@127.0.0.1:error_logger<0.6.0>:ale_error_logger_handler:do_log:203]
=========================PROGRESS REPORT=========================
          supervisor: {local,ns_babysitter_sup}
             started: [{pid,<0.74.0>},
                       {name,ns_child_ports_sup},
                       {mfargs,{ns_child_ports_sup,start_link,[]}},
                       {restart_type,permanent},
                       {shutdown,infinity},
                       {child_type,supervisor}]

[error_logger:info,2019-03-19T16:11:18.389Z,babysitter_of_ns_1@127.0.0.1:error_logger<0.6.0>:ale_error_logger_handler:do_log:203]
=========================PROGRESS REPORT=========================
          supervisor: {local,ns_babysitter_sup}
             started: [{pid,<0.75.0>},
                       {name,ns_ports_manager},
                       {mfargs,{ns_ports_manager,start_link,[]}},
                       {restart_type,permanent},
                       {shutdown,1000},
                       {child_type,worker}]

[ns_server:info,2019-03-19T16:11:18.389Z,babysitter_of_ns_1@127.0.0.1:<0.2.0>:ns_babysitter_bootstrap:start:26]41: babysitter has started
[error_logger:info,2019-03-19T16:11:18.389Z,babysitter_of_ns_1@127.0.0.1:error_logger<0.6.0>:ale_error_logger_handler:do_log:203]
=========================PROGRESS REPORT=========================
         application: ns_babysitter
          started_at: 'babysitter_of_ns_1@127.0.0.1'

[ns_server:debug,2019-03-19T16:11:26.969Z,babysitter_of_ns_1@127.0.0.1:ns_ports_manager<0.75.0>:ns_ports_manager:handle_call:88]New list of children is received: [memcached,saslauthd_port,goxdcr]
[ns_server:info,2019-03-19T16:11:26.971Z,babysitter_of_ns_1@127.0.0.1:ns_ports_manager<0.75.0>:ns_child_ports_sup:launch_port:96]supervising port: {memcached,"/opt/couchbase/bin/memcached",
                             ["-C",
                              "/opt/couchbase/var/lib/couchbase/config/memcached.json"],
                             [{env,[{"EVENT_NOSELECT","1"},
                                    {"MEMCACHED_TOP_KEYS","5"},
                                    {"CBSASL_PWFILE",
                                     "/opt/couchbase/var/lib/couchbase/isasl.pw"}]},
                              use_stdio,stderr_to_stdout,exit_status,
                              port_server_dont_start,stream]}
[ns_server:debug,2019-03-19T16:11:26.972Z,babysitter_of_ns_1@127.0.0.1:<0.79.0>:supervisor_cushion:init:39]starting ns_port_server with delay of 5000
[ns_server:debug,2019-03-19T16:11:26.972Z,babysitter_of_ns_1@127.0.0.1:<0.78.0>:restartable:start_child:98]Started child process <0.79.0>
  MFA: {supervisor_cushion,start_link,
                           [memcached,5000,infinity,ns_port_server,start_link,
                            [#Fun<ns_child_ports_sup.4.5182122>]]}
[ns_server:info,2019-03-19T16:11:26.972Z,babysitter_of_ns_1@127.0.0.1:ns_ports_manager<0.75.0>:ns_child_ports_sup:launch_port:96]supervising port: {saslauthd_port,"/opt/couchbase/bin/saslauthd-port",[],
                      [use_stdio,exit_status,stderr_to_stdout,
                       {env,
                           [{"GOTRACEBACK","single"},
                            {"CBAUTH_REVRPC_URL",
                             <<172,242,117,196,33,137,112,166,57,77,15,21,
                               224,104,92,238,32,130,100,84,14,20,65,140,
                               112,74,179,136,215,203,79,239>>}]}]}
[ns_server:debug,2019-03-19T16:11:26.972Z,babysitter_of_ns_1@127.0.0.1:<0.82.0>:supervisor_cushion:init:39]starting ns_port_server with delay of 5000
[error_logger:info,2019-03-19T16:11:26.972Z,babysitter_of_ns_1@127.0.0.1:error_logger<0.6.0>:ale_error_logger_handler:do_log:203]
=========================PROGRESS REPORT=========================
          supervisor: {local,ns_child_ports_sup}
             started: [{pid,<0.78.0>},
                       {name,
                           {memcached,"/opt/couchbase/bin/memcached",
                               ["-C",
                                "/opt/couchbase/var/lib/couchbase/config/memcached.json"],
                               [{env,
                                    [{"EVENT_NOSELECT","1"},
                                     {"MEMCACHED_TOP_KEYS","5"},
                                     {"CBSASL_PWFILE",
                                      "/opt/couchbase/var/lib/couchbase/isasl.pw"}]},
                                use_stdio,stderr_to_stdout,exit_status,
                                port_server_dont_start,stream]}},
                       {mfargs,
                           {restartable,start_link,
                               [{supervisor_cushion,start_link,
                                    [memcached,5000,infinity,ns_port_server,
                                     start_link,
                                     [#Fun<ns_child_ports_sup.4.5182122>]]},
                                86400000]}},
                       {restart_type,permanent},
                       {shutdown,infinity},
                       {child_type,worker}]

[ns_server:debug,2019-03-19T16:11:26.977Z,babysitter_of_ns_1@127.0.0.1:<0.81.0>:restartable:start_child:98]Started child process <0.82.0>
  MFA: {supervisor_cushion,start_link,
                           [saslauthd_port,5000,infinity,ns_port_server,
                            start_link,
                            [#Fun<ns_child_ports_sup.4.5182122>]]}
[ns_server:info,2019-03-19T16:11:26.977Z,babysitter_of_ns_1@127.0.0.1:ns_ports_manager<0.75.0>:ns_child_ports_sup:launch_port:96]supervising port: {goxdcr,"/opt/couchbase/bin/goxdcr",
                          ["-sourceKVAdminPort=8091","-xdcrRestPort=9998",
                           "-isEnterprise=true","-ipv6=false"],
                          [via_goport,exit_status,stderr_to_stdout,
                           {log,"goxdcr.log"},
                           {env,[{"GOTRACEBACK","single"},
                                 {"CBAUTH_REVRPC_URL",
                                  <<204,75,53,90,168,194,120,225,153,49,
                                    208,157,188,41,142,165,13,145,3,112,
                                    171,144,146,51,245,94,75,217,96,74,34,
                                    159>>}]}]}
[error_logger:info,2019-03-19T16:11:26.977Z,babysitter_of_ns_1@127.0.0.1:error_logger<0.6.0>:ale_error_logger_handler:do_log:203]
=========================PROGRESS REPORT=========================
          supervisor: {local,ns_child_ports_sup}
             started: [{pid,<0.81.0>},
                       {name,
                           {saslauthd_port,
                               "/opt/couchbase/bin/saslauthd-port",[],
                               [use_stdio,exit_status,stderr_to_stdout,
                                {env,
                                    [{"GOTRACEBACK","single"},
                                     {"CBAUTH_REVRPC_URL",
                                      <<172,242,117,196,33,137,112,166,
                                        57,77,15,21,224,104,92,238,32,
                                        130,100,84,14,20,65,140,112,74,
                                        179,136,215,203,79,239>>}]}]}},
                       {mfargs,
                           {restartable,start_link,
                               [{supervisor_cushion,start_link,
                                    [saslauthd_port,5000,infinity,
                                     ns_port_server,start_link,
                                     [#Fun<ns_child_ports_sup.4.5182122>]]},
                                86400000]}},
                       {restart_type,permanent},
                       {shutdown,infinity},
                       {child_type,worker}]

[ns_server:debug,2019-03-19T16:11:26.977Z,babysitter_of_ns_1@127.0.0.1:<0.85.0>:supervisor_cushion:init:39]starting ns_port_server with delay of 5000
[error_logger:info,2019-03-19T16:11:26.986Z,babysitter_of_ns_1@127.0.0.1:error_logger<0.6.0>:ale_error_logger_handler:do_log:203]
=========================PROGRESS REPORT=========================
          supervisor: {local,ale_dynamic_sup}
             started: [{pid,<0.87.0>},
                       {name,'sink-goxdcr'},
                       {mfargs,
                        {ale_dynamic_sup,delay_death,
                         [{ale_disk_sink,start_link,
                           ['sink-goxdcr',
                            "/opt/couchbase/var/lib/couchbase/logs/goxdcr.log",
                            [{rotation,
                              [{compress,true},
                               {size,41943040},
                               {num_files,10},
                               {buffer_size_max,52428800}]}]]},
                          1000]}},
                       {restart_type,permanent},
                       {shutdown,5000},
                       {child_type,worker}]

[ns_server:debug,2019-03-19T16:11:27.246Z,babysitter_of_ns_1@127.0.0.1:<0.84.0>:restartable:start_child:98]Started child process <0.85.0>
  MFA: {supervisor_cushion,start_link,
                           [goxdcr,5000,infinity,ns_port_server,start_link,
                            [#Fun<ns_child_ports_sup.4.5182122>]]}
[error_logger:info,2019-03-19T16:11:27.246Z,babysitter_of_ns_1@127.0.0.1:error_logger<0.6.0>:ale_error_logger_handler:do_log:203]
=========================PROGRESS REPORT=========================
          supervisor: {local,ns_child_ports_sup}
             started: [{pid,<0.84.0>},
                       {name,
                           {goxdcr,"/opt/couchbase/bin/goxdcr",
                               ["-sourceKVAdminPort=8091",
                                "-xdcrRestPort=9998","-isEnterprise=true",
                                "-ipv6=false"],
                               [via_goport,exit_status,stderr_to_stdout,
                                {log,"goxdcr.log"},
                                {env,
                                    [{"GOTRACEBACK","single"},
                                     {"CBAUTH_REVRPC_URL",
                                      <<204,75,53,90,168,194,120,225,153,
                                        49,208,157,188,41,142,165,13,145,
                                        3,112,171,144,146,51,245,94,75,
                                        217,96,74,34,159>>}]}]}},
                       {mfargs,
                           {restartable,start_link,
                               [{supervisor_cushion,start_link,
                                    [goxdcr,5000,infinity,ns_port_server,
                                     start_link,
                                     [#Fun<ns_child_ports_sup.4.5182122>]]},
                                86400000]}},
                       {restart_type,permanent},
                       {shutdown,infinity},
                       {child_type,worker}]

[error_logger:info,2019-03-19T16:11:27.511Z,babysitter_of_ns_1@127.0.0.1:error_logger<0.6.0>:ale_error_logger_handler:do_log:203]
=========================PROGRESS REPORT=========================
          supervisor: {local,kernel_safe_sup}
             started: [{pid,<0.94.0>},
                       {name,timer2_server},
                       {mfargs,{timer2,start_link,[]}},
                       {restart_type,permanent},
                       {shutdown,1000},
                       {child_type,worker}]

[ns_server:info,2019-03-19T16:11:27.712Z,babysitter_of_ns_1@127.0.0.1:<0.73.0>:ns_port_server:log:223]ns_server<0.73.0>: 138: Booted. Waiting for shutdown request
ns_server<0.73.0>: working as port

[ns_server:info,2019-03-19T16:11:28.224Z,babysitter_of_ns_1@127.0.0.1:<0.80.0>:ns_port_server:log:223]memcached<0.80.0>: set_mempolicy: Operation not permitted
memcached<0.80.0>: 2019-03-19T16:11:28.024736+00:00 INFO Setting SSL minimum protocol to: tlsv1
memcached<0.80.0>: 2019-03-19T16:11:28.029362+00:00 INFO Breakpad enabled. Minidumps will be written to '/opt/couchbase/var/lib/couchbase/crash'
memcached<0.80.0>: 2019-03-19T16:11:28.032112+00:00 INFO Setting SSL minimum protocol to: tlsv1
memcached<0.80.0>: 2019-03-19T16:11:28.033409+00:00 INFO Disabling Breakpad
memcached<0.80.0>: 2019-03-19T16:11:28.033477+00:00 INFO Breakpad enabled. Minidumps will be written to '/opt/couchbase/var/lib/couchbase/crash'

